<?xml version="1.0" encoding="UTF-8" ?>
<testsuite tests="1" failures="0" name="Jen.UitTest" time="38.313" errors="0" skipped="0">
  <properties>
    <property name="java.runtime.name" value="Java(TM) SE Runtime Environment"/>
    <property name="java.vm.version" value="17.0.5+9-LTS-191"/>
    <property name="sun.boot.library.path" value="C:\jdk-17.0.5\bin"/>
    <property name="maven.multiModuleProjectDirectory" value="C:\ProgramData\Jenkins\.jenkins\workspace\MavenCheck"/>
    <property name="java.vm.vendor" value="Oracle Corporation"/>
    <property name="java.vendor.url" value="https://java.oracle.com/"/>
    <property name="guice.disable.misplaced.annotation.check" value="true"/>
    <property name="path.separator" value=";"/>
    <property name="java.vm.name" value="Java HotSpot(TM) 64-Bit Server VM"/>
    <property name="sun.os.patch.level" value=""/>
    <property name="user.script" value=""/>
    <property name="user.country" value="IN"/>
    <property name="sun.java.launcher" value="SUN_STANDARD"/>
    <property name="java.vm.specification.name" value="Java Virtual Machine Specification"/>
    <property name="user.dir" value="C:\ProgramData\Jenkins\.jenkins\workspace\MavenCheck"/>
    <property name="java.vm.compressedOopsMode" value="32-bit"/>
    <property name="java.runtime.version" value="17.0.5+9-LTS-191"/>
    <property name="os.arch" value="amd64"/>
    <property name="java.io.tmpdir" value="C:\Windows\TEMP\"/>
    <property name="line.separator" value="
"/>
    <property name="java.vm.specification.vendor" value="Oracle Corporation"/>
    <property name="user.variant" value=""/>
    <property name="os.name" value="Windows 10"/>
    <property name="classworlds.conf" value="D:\Akhil softwares\apache-maven-3.8.6-bin\apache-maven-3.8.6\bin\m2.conf"/>
    <property name="sun.jnu.encoding" value="Cp1252"/>
    <property name="java.library.path" value="C:\jdk-17.0.5\bin;C:\Windows\Sun\Java\bin;C:\Windows\system32;C:\Windows;C:\jdk-17.0.5/bin;C:\jdk-17.0.5/bin;C:\Python311\Scripts\;C:\Python311\;D:\oracle\product\10.2.0\db_1\bin;C:\jdk-17.0.5\bin;C:\Program Files\Common Files\Oracle\Java\javapath;C:\Windows\system32;C:\Windows;C:\Windows\System32\Wbem;C:\Windows\System32\WindowsPowerShell\v1.0\;C:\Windows\System32\OpenSSH\;C:\Program Files\dotnet\;D:\Akhil softwares\apache-maven-3.8.6-bin\apache-maven-3.8.6\bin;C:\Program Files\Git\cmd;C:\ProgramData\chocolatey\bin;C:\Program Files (x86)\nodejs;C:\Program Files (x86)\nodejs\;C:\Windows\system32\config\systemprofile\AppData\Local\Microsoft\WindowsApps;."/>
    <property name="maven.conf" value="D:\Akhil softwares\apache-maven-3.8.6-bin\apache-maven-3.8.6/conf"/>
    <property name="jdk.debug" value="release"/>
    <property name="java.class.version" value="61.0"/>
    <property name="java.specification.name" value="Java Platform API Specification"/>
    <property name="sun.management.compiler" value="HotSpot 64-Bit Tiered Compilers"/>
    <property name="os.version" value="10.0"/>
    <property name="library.jansi.path" value="D:\Akhil softwares\apache-maven-3.8.6-bin\apache-maven-3.8.6\lib\jansi-native"/>
    <property name="user.home" value="C:\Windows\system32\config\systemprofile"/>
    <property name="user.timezone" value="Asia/Calcutta"/>
    <property name="file.encoding" value="Cp1252"/>
    <property name="java.specification.version" value="17"/>
    <property name="user.name" value="DESKTOP-QE6MO3Q$"/>
    <property name="java.class.path" value="D:\Akhil softwares\apache-maven-3.8.6-bin\apache-maven-3.8.6\boot\plexus-classworlds-2.6.0.jar"/>
    <property name="java.vm.specification.version" value="17"/>
    <property name="sun.arch.data.model" value="64"/>
    <property name="sun.java.command" value="org.codehaus.plexus.classworlds.launcher.Launcher -f D:\Akhil softwares\Workspace\workspace-selenium\JenMaven2 clean test"/>
    <property name="java.home" value="C:\jdk-17.0.5"/>
    <property name="user.language" value="en"/>
    <property name="java.specification.vendor" value="Oracle Corporation"/>
    <property name="java.vm.info" value="mixed mode, sharing"/>
    <property name="java.version" value="17.0.5"/>
    <property name="native.encoding" value="Cp1252"/>
    <property name="java.vendor" value="Oracle Corporation"/>
    <property name="maven.home" value="D:\Akhil softwares\apache-maven-3.8.6-bin\apache-maven-3.8.6"/>
    <property name="file.separator" value="\"/>
    <property name="java.version.date" value="2022-10-18"/>
    <property name="java.vendor.url.bug" value="https://bugreport.java.com/bugreport/"/>
    <property name="sun.io.unicode.encoding" value="UnicodeLittle"/>
    <property name="sun.cpu.endian" value="little"/>
    <property name="sun.cpu.isalist" value="amd64"/>
  </properties>
  <testcase classname="Jen.UitTest" name="start" time="38.313"/>
</testsuite>