<?xml version="1.0" encoding="UTF-8"?>
<!-- Generated by org.testng.reporters.JUnitReportReporter -->
<testsuite hostname="DESKTOP-QE6MO3Q" failures="0" tests="1" name="Jen.UitTest" time="38.310" errors="0" timestamp="2023-01-10T12:20:22 IST" skipped="0">
  <testcase classname="Jen.UitTest" name="start" time="38.310"/>
  <system-out/>
</testsuite> <!-- Jen.UitTest -->
